<?xml version="1.0" encoding="utf-8"?><testsuites name="pytest tests"><testsuite name="pytest" errors="2" failures="0" skipped="0" tests="9" time="2.700" timestamp="2026-08-14T00:31:28.529591+00:00" hostname="agent-env-88482508-c8b1-4eed-89e2-5cd11fbf9347"><testcase classname="" name="tests.test_portal_flow" time="0.000"><error message="collection failure">backend/tests/test_portal_flow.py:6: in &lt;module&gt;
    BASE_URL = os.environ.get("REACT_APP_BACKEND_URL").rstrip("/")
               ^^^^^^^^^^^^^^^^^^^^^^^^^^^^^^^^^^^^^^^^^^^^^^
E   AttributeError: 'NoneType' object has no attribute 'rstrip'</error><error message="collection failure">backend/tests/test_portal_flow.py:6: in &lt;module&gt;
    BASE_URL = os.environ.get("REACT_APP_BACKEND_URL").rstrip("/")
               ^^^^^^^^^^^^^^^^^^^^^^^^^^^^^^^^^^^^^^^^^^^^^^
E   AttributeError: 'NoneType' object has no attribute 'rstrip'</error></testcase><testcase classname="tests.test_stripe_flow" name="test_health_payments_configured" time="0.111" /><testcase classname="tests.test_stripe_flow" name="test_checkout_url_and_session_id" time="1.560" /><testcase classname="tests.test_stripe_flow" name="test_payment_status_before_payment" time="0.400" /><testcase classname="tests.test_stripe_flow" name="test_subscription_status_unknown" time="0.078" /><testcase classname="tests.test_stripe_flow" name="test_restore_unknown_email" time="0.079" /><testcase classname="tests.test_stripe_flow" name="test_restore_invalid_email" time="0.077" /><testcase classname="tests.test_stripe_flow" name="test_verse_of_day" time="0.078" /></testsuite></testsuites>