<?xml version="1.0" encoding="utf-8"?><testsuites name="pytest tests"><testsuite name="pytest" errors="0" failures="0" skipped="0" tests="11" time="1.716" timestamp="2026-08-14T00:46:25.617797+00:00" hostname="agent-env-88482508-c8b1-4eed-89e2-5cd11fbf9347"><testcase classname="tests.test_shares" name="test_create_share_with_image" time="0.137" /><testcase classname="tests.test_shares" name="test_create_share_without_image" time="0.076" /><testcase classname="tests.test_shares" name="test_create_share_validation_empty_book" time="0.085" /><testcase classname="tests.test_shares" name="test_create_share_validation_empty_text" time="0.187" /><testcase classname="tests.test_shares" name="test_get_share_json" time="0.132" /><testcase classname="tests.test_shares" name="test_get_share_json_404" time="0.078" /><testcase classname="tests.test_shares" name="test_share_image" time="0.087" /><testcase classname="tests.test_shares" name="test_share_image_404_no_image" time="0.163" /><testcase classname="tests.test_shares" name="test_landing_page_og_tags" time="0.219" /><testcase classname="tests.test_shares" name="test_landing_page_no_image_twitter_summary" time="0.142" /><testcase classname="tests.test_shares" name="test_landing_page_404" time="0.106" /></testsuite></testsuites>