<?xml version="1.0" encoding="utf-8"?><testsuites name="pytest tests"><testsuite name="pytest" errors="0" failures="0" skipped="0" tests="8" time="24.881" timestamp="2026-08-29T19:49:06.455794+00:00" hostname="agent-env-88482508-c8b1-4eed-89e2-5cd11fbf9347"><testcase classname="tests.test_ask_amazon.TestAskValidation" name="test_empty_string" time="0.274" /><testcase classname="tests.test_ask_amazon.TestAskSuccess" name="test_valid_question" time="13.424" /><testcase classname="tests.test_ask_amazon.TestAskValidation" name="test_whitespace_only" time="0.346" /><testcase classname="tests.test_ask_amazon.TestAskValidation" name="test_oversize_question" time="0.074" /><testcase classname="tests.test_ask_amazon.TestSuggestions" name="test_suggestions_200" time="0.074" /><testcase classname="tests.test_ask_amazon.TestHistory" name="test_history_random_uuid" time="0.080" /><testcase classname="tests.test_ask_amazon.TestAskSuccess" name="test_special_chars" time="10.984" /><testcase classname="tests.test_ask_amazon.TestHealth" name="test_health_amazon_billing" time="0.078" /></testsuite></testsuites>