<?xml version="1.0" encoding="utf-8"?><testsuites name="pytest tests"><testsuite name="pytest" errors="0" failures="0" skipped="0" tests="7" time="2.449" timestamp="2026-08-14T00:04:04.999446+00:00" hostname="agent-env-88482508-c8b1-4eed-89e2-5cd11fbf9347"><testcase classname="tests.test_stripe_flow" name="test_health_payments_configured" time="0.256" /><testcase classname="tests.test_stripe_flow" name="test_checkout_url_and_session_id" time="1.191" /><testcase classname="tests.test_stripe_flow" name="test_payment_status_before_payment" time="0.368" /><testcase classname="tests.test_stripe_flow" name="test_subscription_status_unknown" time="0.072" /><testcase classname="tests.test_stripe_flow" name="test_restore_unknown_email" time="0.143" /><testcase classname="tests.test_stripe_flow" name="test_restore_invalid_email" time="0.027" /><testcase classname="tests.test_stripe_flow" name="test_verse_of_day" time="0.071" /></testsuite></testsuites>